<?xml version="1.0" encoding="UTF-8"?>
<testsuite xmlns:xsi="http://www.w3.org/2001/XMLSchema-instance" xsi:noNamespaceSchemaLocation="https://maven.apache.org/surefire/maven-surefire-plugin/xsd/surefire-test-report-3.0.xsd" version="3.0" name="com.matchup.integration.FullFlowIntegrationTest" time="11.337" tests="14" errors="0" skipped="0" failures="0">
  <properties>
[...]
</properties>
  <testcase name="t01_registrarAna" classname="com.matchup.integration.FullFlowIntegrationTest" time="0.482">
    <system-out><![CDATA[08:56:11.118 [main] INFO org.springframework.test.context.support.AnnotationConfigContextLoaderUtils -- Could not detect default configuration classes for test class [com.matchup.integration.FullFlowIntegrationTest]: FullFlowIntegrationTest does not declare any static, non-private, non-final, nested classes annotated with @Configuration.
08:56:11.257 [main] INFO org.springframework.boot.test.context.SpringBootTestContextBootstrapper -- Found @SpringBootConfiguration com.matchup.MatchupApplication for test class com.matchup.integration.FullFlowIntegrationTest
08:56:11.374 [main] INFO org.testcontainers.images.PullPolicy -- Image pull policy will be performed by: DefaultPullPolicy()
08:56:11.377 [main] INFO org.testcontainers.utility.ImageNameSubstitutor -- Image name substitution will be performed by: DefaultImageNameSubstitutor (composite of 'ConfigurationFileImageNameSubstitutor' and 'PrefixingImageNameSubstitutor')
08:56:11.578 [main] INFO org.testcontainers.dockerclient.DockerClientProviderStrategy -- Loaded org.testcontainers.dockerclient.NpipeSocketClientProviderStrategy from ~/.testcontainers.properties, will try it first
08:56:11.830 [main] INFO org.testcontainers.dockerclient.DockerClientProviderStrategy -- Found Docker environment with local Npipe socket (npipe:////./pipe/docker_engine)
08:56:11.832 [main] INFO org.testcontainers.DockerClientFactory -- Docker host IP address is localhost
08:56:11.853 [main] INFO org.testcontainers.DockerClientFactory -- Connected to docker: 
  Server Version: 28.4.0
  API Version: 1.51
  Operating System: Docker Desktop
  Total Memory: 7623 MB
08:56:11.941 [main] INFO tc.testcontainers/ryuk:0.7.0 -- Creating container for image: testcontainers/ryuk:0.7.0
08:56:12.056 [main] INFO org.testcontainers.utility.RegistryAuthLocator -- Credential helper/store (docker-credential-desktop) does not have credentials for https://index.docker.io/v1/
08:56:12.207 [main] INFO tc.testcontainers/ryuk:0.7.0 -- Container testcontainers/ryuk:0.7.0 is starting: 573f64e10d02a97312514db39d40fa2750d60856691ed9c96564c718dbed0fd5
08:56:12.632 [main] INFO tc.testcontainers/ryuk:0.7.0 -- Container testcontainers/ryuk:0.7.0 started in PT0.6903508S
08:56:12.639 [main] INFO org.testcontainers.utility.RyukResourceReaper -- Ryuk started - will monitor and terminate Testcontainers containers on JVM exit
08:56:12.639 [main] INFO org.testcontainers.DockerClientFactory -- Checking the system...
08:56:12.640 [main] INFO org.testcontainers.DockerClientFactory -- ✔︎ Docker server version should be at least 1.6.0
08:56:12.640 [main] INFO tc.postgres:16-alpine -- Creating container for image: postgres:16-alpine
08:56:12.723 [main] INFO tc.postgres:16-alpine -- Container postgres:16-alpine is starting: fcae2cd4cdc6834d86d15d5567b80af29f1730f87aa042cd9051f976abfb3ffd
08:56:14.882 [main] INFO tc.postgres:16-alpine -- Container postgres:16-alpine started in PT2.2414049S
08:56:14.882 [main] INFO tc.postgres:16-alpine -- Container is started (JDBC URL: jdbc:postgresql://localhost:51979/matchup_test?loggerLevel=OFF)
08:56:14.922 [main] INFO org.springframework.boot.devtools.restart.RestartApplicationListener -- Restart disabled due to context in which it is running

  .   ____          _            __ _ _
 /\\ / ___'_ __ _ _(_)_ __  __ _ \ \ \ \
( ( )\___ | '_ | '_| | '_ \/ _` | \ \ \ \
 \\/  ___)| |_)| | | | | || (_| |  ) ) ) )
  '  |____| .__|_| |_|_| |_\__, | / / / /
 =========|_|==============|___/=/_/_/_/

 :: Spring Boot ::                (v3.3.5)

2026-04-30T08:56:15.205+02:00  INFO 15840 --- [           main] c.m.integration.FullFlowIntegrationTest  : Starting FullFlowIntegrationTest using Java 21.0.10 with PID 15840 (started by Alvaro in C:\Users\Alvaro\Desktop\MatchUp\backend)
2026-04-30T08:56:15.206+02:00  INFO 15840 --- [           main] c.m.integration.FullFlowIntegrationTest  : No active profile set, falling back to 1 default profile: "default"
2026-04-30T08:56:17.026+02:00  INFO 15840 --- [           main] org.flywaydb.core.FlywayExecutor         : Database: jdbc:postgresql://localhost:51979/matchup_test (PostgreSQL 16.13)
2026-04-30T08:56:17.084+02:00  INFO 15840 --- [           main] o.f.c.i.s.JdbcTableSchemaHistory         : Schema history table "public"."flyway_schema_history" does not exist yet
2026-04-30T08:56:17.089+02:00  INFO 15840 --- [           main] o.f.core.internal.command.DbValidate     : Successfully validated 4 migrations (execution time 00:00.028s)
2026-04-30T08:56:17.112+02:00  INFO 15840 --- [           main] o.f.c.i.s.JdbcTableSchemaHistory         : Creating Schema History table "public"."flyway_schema_history" ...
2026-04-30T08:56:17.165+02:00  INFO 15840 --- [           main] o.f.core.internal.command.DbMigrate      : Current version of schema "public": << Empty Schema >>
2026-04-30T08:56:17.184+02:00  INFO 15840 --- [           main] o.f.core.internal.command.DbMigrate      : Migrating schema "public" to version "1 - init schema"
2026-04-30T08:56:17.309+02:00  INFO 15840 --- [           main] o.f.core.internal.command.DbMigrate      : Migrating schema "public" to version "2 - seed deportes"
2026-04-30T08:56:17.336+02:00  INFO 15840 --- [           main] o.f.core.internal.command.DbMigrate      : Migrating schema "public" to version "3 - seed test users"
2026-04-30T08:56:17.359+02:00  INFO 15840 --- [           main] o.f.core.internal.command.DbMigrate      : Migrating schema "public" to version "4 - add auth tokens"
2026-04-30T08:56:17.391+02:00  INFO 15840 --- [           main] o.f.core.internal.command.DbMigrate      : Successfully applied 4 migrations to schema "public", now at version v4 (execution time 00:00.134s)
2026-04-30T08:56:19.419+02:00  WARN 15840 --- [           main] r$InitializeUserDetailsManagerConfigurer : Global AuthenticationManager configured with an AuthenticationProvider bean. UserDetailsService beans will not be used for username/password login. Consider removing the AuthenticationProvider bean. Alternatively, consider using the UserDetailsService in a manually instantiated DaoAuthenticationProvider.
2026-04-30T08:56:20.704+02:00  INFO 15840 --- [           main] c.m.integration.FullFlowIntegrationTest  : Started FullFlowIntegrationTest in 5.791 seconds (process running for 11.858)
]]></system-out>
  </testcase>
  <testcase name="t02_registrarCarlos" classname="com.matchup.integration.FullFlowIntegrationTest" time="0.072"/>
  <testcase name="t03_loginAna_devuelveToken" classname="com.matchup.integration.FullFlowIntegrationTest" time="0.16"/>
  <testcase name="t04_getMeAna_obtieneId" classname="com.matchup.integration.FullFlowIntegrationTest" time="0.075"/>
  <testcase name="t05_anaCreaMeetup" classname="com.matchup.integration.FullFlowIntegrationTest" time="0.069"/>
  <testcase name="t06_loginCarlos_devuelveToken" classname="com.matchup.integration.FullFlowIntegrationTest" time="0.07"/>
  <testcase name="t07_getMeCarlos_obtieneId" classname="com.matchup.integration.FullFlowIntegrationTest" time="0.015"/>
  <testcase name="t08_listarQuedadas_contieneQuedadaDeAna" classname="com.matchup.integration.FullFlowIntegrationTest" time="0.061">
    <system-out><![CDATA[2026-04-30T08:56:21.704+02:00  WARN 15840 --- [           main] ration$PageModule$WarningLoggingModifier : Serializing PageImpl instances as-is is not supported, meaning that there is no guarantee about the stability of the resulting JSON structure!
	For a stable JSON structure, please use Spring Data's PagedModel (globally via @EnableSpringDataWebSupport(pageSerializationMode = VIA_DTO))
	or Spring HATEOAS and Spring Data's PagedResourcesAssembler as documented in https://docs.spring.io/spring-data/commons/reference/repositories/core-extensions.html#core.web.pageables.

]]></system-out>
  </testcase>
  <testcase name="t09_carlosSeApunta" classname="com.matchup.integration.FullFlowIntegrationTest" time="0.046"/>
  <testcase name="t10_anaFinaliza" classname="com.matchup.integration.FullFlowIntegrationTest" time="0.032"/>
  <testcase name="t11_anaConfirmaAsistenciaDeCarlos" classname="com.matchup.integration.FullFlowIntegrationTest" time="0.027"/>
  <testcase name="t12_fiabilidadDeCarlosEs100" classname="com.matchup.integration.FullFlowIntegrationTest" time="0.015"/>
  <testcase name="t13_carlosValoraAna" classname="com.matchup.integration.FullFlowIntegrationTest" time="0.036"/>
  <testcase name="t14_anaListaRatingsRecibidos" classname="com.matchup.integration.FullFlowIntegrationTest" time="0.022"/>
</testsuite>